# JRE version: OpenJDK Runtime Environment (17.0.7) (build 17.0.7+0-b2043.56-10550314)
# Java VM: OpenJDK 64-Bit Server VM (17.0.7+0-b2043.56-10550314, mixed mode, tiered, compressed oops, compressed class ptrs, g1 gc, windows-amd64)
GC Precious Log:
 CPUs: 12 total, 12 available
 Memory: 65450M
 Large Page Support: Disabled
 NUMA Support: Disabled
 Compressed Oops: Enabled (32-bit)
 Heap Region Size: 1M
 Heap Min Capacity: 8M
 Heap Initial Capacity: 1G
 Heap Max Capacity: 2G
 Pre-touch: Disabled
 Parallel Workers: 10
 Concurrent Workers: 3
 Concurrent Refinement Workers: 10
 Periodic GC: Disabled
Heap:
 garbage-first heap   total 559104K, used 106236K [0x0000000080000000, 0x0000000100000000)
  region size 1024K, 75 young (76800K), 2 survivors (2048K)
 Metaspace       used 53586K, committed 54080K, reserved 1114112K
  class space    used 7237K, committed 7488K, reserved 1048576K
GC Heap History (20 events):
Event: 1.091 GC heap before
{Heap before GC invocations=0 (full 0):
 garbage-first heap   total 1048576K, used 56320K [0x0000000080000000, 0x0000000100000000)
  region size 1024K, 51 young (52224K), 0 survivors (0K)
 Metaspace       used 11443K, committed 11648K, reserved 1114112K
  class space    used 1193K, committed 1280K, reserved 1048576K
}
Event: 1.095 GC heap after
{Heap after GC invocations=1 (full 0):
 garbage-first heap   total 1048576K, used 12659K [0x0000000080000000, 0x0000000100000000)
  region size 1024K, 7 young (7168K), 7 survivors (7168K)
 Metaspace       used 11443K, committed 11648K, reserved 1114112K
  class space    used 1193K, committed 1280K, reserved 1048576K
}
Event: 2.124 GC heap before
{Heap before GC invocations=1 (full 0):
 garbage-first heap   total 1048576K, used 57715K [0x0000000080000000, 0x0000000100000000)
  region size 1024K, 52 young (53248K), 7 survivors (7168K)
 Metaspace       used 21281K, committed 21504K, reserved 1114112K
  class space    used 2580K, committed 2688K, reserved 1048576K
}
Event: 2.129 GC heap after
{Heap after GC invocations=2 (full 0):
 garbage-first heap   total 1048576K, used 18952K [0x0000000080000000, 0x0000000100000000)
  region size 1024K, 6 young (6144K), 6 survivors (6144K)
 Metaspace       used 21281K, committed 21504K, reserved 1114112K
  class space    used 2580K, committed 2688K, reserved 1048576K
}
Event: 3.162 GC heap before
{Heap before GC invocations=3 (full 0):
 garbage-first heap   total 68608K, used 53768K [0x0000000080000000, 0x0000000100000000)
  region size 1024K, 40 young (40960K), 6 survivors (6144K)
 Metaspace       used 26240K, committed 26496K, reserved 1114112K
  class space    used 3439K, committed 3584K, reserved 1048576K
}
Event: 3.167 GC heap after
{Heap after GC invocations=4 (full 0):
 garbage-first heap   total 68608K, used 20871K [0x0000000080000000, 0x0000000100000000)
  region size 1024K, 3 young (3072K), 3 survivors (3072K)
 Metaspace       used 26240K, committed 26496K, reserved 1114112K
  class space    used 3439K, committed 3584K, reserved 1048576K
}
Event: 3.208 GC heap before
{Heap before GC invocations=4 (full 0):
 garbage-first heap   total 68608K, used 21895K [0x0000000080000000, 0x0000000100000000)
  region size 1024K, 4 young (4096K), 3 survivors (3072K)
 Metaspace       used 26330K, committed 26560K, reserved 1114112K
  class space    used 3459K, committed 3584K, reserved 1048576K
}
Event: 3.211 GC heap after
{Heap after GC invocations=5 (full 0):
 garbage-first heap   total 68608K, used 21121K [0x0000000080000000, 0x0000000100000000)
  region size 1024K, 1 young (1024K), 1 survivors (1024K)
 Metaspace       used 26330K, committed 26560K, reserved 1114112K
  class space    used 3459K, committed 3584K, reserved 1048576K
}
Event: 3.901 GC heap before
{Heap before GC invocations=5 (full 0):
 garbage-first heap   total 68608K, used 51841K [0x0000000080000000, 0x0000000100000000)
  region size 1024K, 31 young (31744K), 1 survivors (1024K)
 Metaspace       used 30506K, committed 30848K, reserved 1114112K
  class space    used 4135K, committed 4288K, reserved 1048576K
}
Event: 3.903 GC heap after
{Heap after GC invocations=6 (full 0):
 garbage-first heap   total 68608K, used 22529K [0x0000000080000000, 0x0000000100000000)
  region size 1024K, 2 young (2048K), 2 survivors (2048K)
 Metaspace       used 30506K, committed 30848K, reserved 1114112K
  class space    used 4135K, committed 4288K, reserved 1048576K
}
Event: 4.502 GC heap before
{Heap before GC invocations=6 (full 0):
 garbage-first heap   total 68608K, used 52225K [0x0000000080000000, 0x0000000100000000)
  region size 1024K, 32 young (32768K), 2 survivors (2048K)
 Metaspace       used 35136K, committed 35456K, reserved 1114112K
  class space    used 4845K, committed 4992K, reserved 1048576K
}
Event: 4.504 GC heap after
{Heap after GC invocations=7 (full 0):
 garbage-first heap   total 68608K, used 23931K [0x0000000080000000, 0x0000000100000000)
  region size 1024K, 4 young (4096K), 4 survivors (4096K)
 Metaspace       used 35136K, committed 35456K, reserved 1114112K
  class space    used 4845K, committed 4992K, reserved 1048576K
}
Event: 4.575 GC heap before
{Heap before GC invocations=7 (full 0):
 garbage-first heap   total 68608K, used 27003K [0x0000000080000000, 0x0000000100000000)
  region size 1024K, 8 young (8192K), 4 survivors (4096K)
 Metaspace       used 35758K, committed 36096K, reserved 1114112K
  class space    used 4947K, committed 5120K, reserved 1048576K
}
Event: 4.577 GC heap after
{Heap after GC invocations=8 (full 0):
 garbage-first heap   total 68608K, used 24546K [0x0000000080000000, 0x0000000100000000)
  region size 1024K, 3 young (3072K), 3 survivors (3072K)
 Metaspace       used 35758K, committed 36096K, reserved 1114112K
  class space    used 4947K, committed 5120K, reserved 1048576K
}
Event: 5.108 GC heap before
{Heap before GC invocations=9 (full 0):
 garbage-first heap   total 68608K, used 53218K [0x0000000080000000, 0x0000000100000000)
  region size 1024K, 32 young (32768K), 3 survivors (3072K)
 Metaspace       used 41350K, committed 41664K, reserved 1114112K
  class space    used 5497K, committed 5632K, reserved 1048576K
}
Event: 5.111 GC heap after
{Heap after GC invocations=10 (full 0):
 garbage-first heap   total 68608K, used 28143K [0x0000000080000000, 0x0000000100000000)
  region size 1024K, 4 young (4096K), 4 survivors (4096K)
 Metaspace       used 41350K, committed 41664K, reserved 1114112K
  class space    used 5497K, committed 5632K, reserved 1048576K
}
Event: 5.534 GC heap before
{Heap before GC invocations=10 (full 0):
 garbage-first heap   total 68608K, used 57839K [0x0000000080000000, 0x0000000100000000)
  region size 1024K, 29 young (29696K), 4 survivors (4096K)
 Metaspace       used 43815K, committed 44224K, reserved 1114112K
  class space    used 5763K, committed 5952K, reserved 1048576K
}
Event: 5.539 GC heap after
{Heap after GC invocations=11 (full 0):
 garbage-first heap   total 68608K, used 31125K [0x0000000080000000, 0x0000000100000000)
  region size 1024K, 3 young (3072K), 3 survivors (3072K)
 Metaspace       used 43815K, committed 44224K, reserved 1114112K
  class space    used 5763K, committed 5952K, reserved 1048576K
}
Event: 5.939 GC heap before
{Heap before GC invocations=11 (full 0):
 garbage-first heap   total 68608K, used 55701K [0x0000000080000000, 0x0000000100000000)
  region size 1024K, 25 young (25600K), 3 survivors (3072K)
 Metaspace       used 45754K, committed 46144K, reserved 1114112K
  class space    used 5974K, committed 6144K, reserved 1048576K
}
Event: 5.944 GC heap after
{Heap after GC invocations=12 (full 0):
 garbage-first heap   total 559104K, used 32508K [0x0000000080000000, 0x0000000100000000)
  region size 1024K, 2 young (2048K), 2 survivors (2048K)
 Metaspace       used 45754K, committed 46144K, reserved 1114112K
  class space    used 5974K, committed 6144K, reserved 1048576K
}

